<?xml version="1.0" encoding="UTF-8"?>
<!-- Generated by org.testng.reporters.JUnitReportReporter -->
<testsuite hostname="LAPTOP-SE7SPNIA" failures="0" tests="4" name="com.tutorialsninja.qa.testcases.RegisterTest" time="143.349" errors="0" timestamp="2023-07-24T13:27:31 IST" skipped="0">
  <testcase classname="com.tutorialsninja.qa.testcases.RegisterTest" name="verifyRegisteringAnAccountWithMandatoryFields" time="21.210"/>
  <testcase classname="com.tutorialsninja.qa.testcases.RegisterTest" name="verifyRegisteringAnAccountWithAllFields" time="42.791"/>
  <testcase classname="com.tutorialsninja.qa.testcases.RegisterTest" name="verifyRegisteringanAccountWithDuplicateEmail" time="21.161"/>
  <testcase classname="com.tutorialsninja.qa.testcases.RegisterTest" name="verifyRegisteringAnAccountWithoutProvidingAnyFields" time="58.187"/>
</testsuite> <!-- com.tutorialsninja.qa.testcases.RegisterTest -->
